  Camera.cpp
C:\Users\myale\Documents\Perso\OpenGL-Engine\Camera.h(6,9): error C1083: Impossible d'ouvrir le fichier include : 'glm/glm.hpp' : No such file or directory
  (compiler le fichier source 'Camera.cpp')
  
  Main.cpp
C:\Users\myale\Documents\Perso\OpenGL-Engine\Model.h(4,9): error C1083: Impossible d'ouvrir le fichier include : 'json/json.h' : No such file or directory
  (compiler le fichier source 'Main.cpp')
  
  Mesh.cpp
C:\Users\myale\Documents\Perso\OpenGL-Engine\VBO.h(4,9): error C1083: Impossible d'ouvrir le fichier include : 'glm/glm.hpp' : No such file or directory
  (compiler le fichier source 'Mesh.cpp')
  
  Model.cpp
C:\Users\myale\Documents\Perso\OpenGL-Engine\Model.h(4,9): error C1083: Impossible d'ouvrir le fichier include : 'json/json.h' : No such file or directory
  (compiler le fichier source 'Model.cpp')
  
  Texture.cpp
C:\Users\myale\Documents\Perso\OpenGL-Engine\Texture.h(5,9): error C1083: Impossible d'ouvrir le fichier include : 'stb/stb_image.h' : No such file or directory
  (compiler le fichier source 'Texture.cpp')
  
  VAO.cpp
C:\Users\myale\Documents\Perso\OpenGL-Engine\VBO.h(4,9): error C1083: Impossible d'ouvrir le fichier include : 'glm/glm.hpp' : No such file or directory
  (compiler le fichier source 'VAO.cpp')
  
  VBO.cpp
C:\Users\myale\Documents\Perso\OpenGL-Engine\VBO.h(4,9): error C1083: Impossible d'ouvrir le fichier include : 'glm/glm.hpp' : No such file or directory
  (compiler le fichier source 'VBO.cpp')
  
  Génération de code en cours...
